<?xml version="1.0" encoding="UTF-8"?>
<testsuite xmlns:xsi="http://www.w3.org/2001/XMLSchema-instance" xsi:noNamespaceSchemaLocation="https://maven.apache.org/surefire/maven-surefire-plugin/xsd/surefire-test-report-3.0.xsd" version="3.0" name="com.lincompute.multiplication.test.SquareMatrixMultiplicationTest" time="0.119" tests="5" errors="0" skipped="0" failures="0">
  <properties>
[...]
</properties>
  <testcase name="t_001" classname="com.lincompute.multiplication.test.SquareMatrixMultiplicationTest" time="0.033">
    <system-out><![CDATA[70.0 | 65.0 | 60.0 | 91.0 | 86.0 | 
143.10000000000002 | 139.2 | 135.3 | 212.4 | 208.5 | 
126.0 | 117.0 | 108.0 | 153.0 | 144.0 | 
120.0 | 115.0 | 110.0 | 123.0 | 118.0 | 
150.0 | 140.0 | 130.0 | 183.0 | 173.0 | 
---------------------------
---------------------------
70.0 | 65.0 | 60.0 | 91.0 | 86.0 | 
143.1 | 139.2 | 135.3 | 212.4 | 208.5 | 
126.0 | 117.0 | 108.0 | 153.0 | 144.0 | 
120.0 | 115.0 | 110.0 | 123.0 | 118.0 | 
150.0 | 140.0 | 130.0 | 183.0 | 173.0 | 
]]></system-out>
  </testcase>
  <testcase name="t_002" classname="com.lincompute.multiplication.test.SquareMatrixMultiplicationTest" time="0.007">
    <system-out><![CDATA[78.0 | 67.0 | 56.0 | 90.0 | 79.0 | 
186.0 | 163.0 | 140.0 | 189.0 | 166.0 | 
144.0 | 133.0 | 122.0 | 129.0 | 118.0 | 
104.0 | 90.0 | 76.0 | 116.0 | 102.0 | 
182.0 | 159.0 | 136.0 | 194.0 | 171.0 | 
---------------------------
---------------------------
78.0 | 67.0 | 56.0 | 90.0 | 79.0 | 
186.0 | 163.0 | 140.0 | 189.0 | 166.0 | 
144.0 | 133.0 | 122.0 | 129.0 | 118.0 | 
104.0 | 90.0 | 76.0 | 116.0 | 102.0 | 
182.0 | 159.0 | 136.0 | 194.0 | 171.0 | 
]]></system-out>
  </testcase>
  <testcase name="t_003" classname="com.lincompute.multiplication.test.SquareMatrixMultiplicationTest" time="0.008">
    <system-out><![CDATA[157.0 | 164.0 | 150.0 | 188.0 | 181.0 | 
129.0 | 135.0 | 123.0 | 189.0 | 183.0 | 
88.0 | 89.0 | 87.0 | 158.0 | 157.0 | 
113.0 | 118.0 | 108.0 | 130.0 | 125.0 | 
138.0 | 147.0 | 129.0 | 183.0 | 174.0 | 
---------------------------
---------------------------
157.0 | 164.0 | 150.0 | 188.0 | 181.0 | 
129.0 | 135.0 | 123.0 | 189.0 | 183.0 | 
88.0 | 89.0 | 87.0 | 158.0 | 157.0 | 
113.0 | 118.0 | 108.0 | 130.0 | 125.0 | 
138.0 | 147.0 | 129.0 | 183.0 | 174.0 | 
]]></system-out>
  </testcase>
  <testcase name="t_004" classname="com.lincompute.multiplication.test.SquareMatrixMultiplicationTest" time="0.006">
    <system-out><![CDATA[129.0 | 125.0 | 184.0 | 180.0 | 176.0 | 
104.0 | 105.0 | 124.0 | 125.0 | 126.0 | 
78.0 | 73.0 | 86.0 | 81.0 | 76.0 | 
150.0 | 143.0 | 217.0 | 210.0 | 203.0 | 
147.0 | 139.0 | 176.0 | 168.0 | 160.0 | 
---------------------------
---------------------------
129.0 | 125.0 | 184.0 | 180.0 | 176.0 | 
104.0 | 105.0 | 124.0 | 125.0 | 126.0 | 
78.0 | 73.0 | 86.0 | 81.0 | 76.0 | 
150.0 | 143.0 | 217.0 | 210.0 | 203.0 | 
147.0 | 139.0 | 176.0 | 168.0 | 160.0 | 
]]></system-out>
  </testcase>
  <testcase name="t_005" classname="com.lincompute.multiplication.test.SquareMatrixMultiplicationTest" time="0.006">
    <system-out><![CDATA[149.0 | 124.0 | 99.0 | 110.0 | 85.0 | 
209.0 | 174.0 | 139.0 | 158.0 | 123.0 | 
91.0 | 76.0 | 61.0 | 82.0 | 67.0 | 
210.0 | 175.0 | 140.0 | 159.0 | 124.0 | 
181.0 | 151.0 | 121.0 | 154.0 | 124.0 | 
---------------------------
---------------------------
149.0 | 124.0 | 99.0 | 110.0 | 85.0 | 
209.0 | 174.0 | 139.0 | 158.0 | 123.0 | 
91.0 | 76.0 | 61.0 | 82.0 | 67.0 | 
210.0 | 175.0 | 140.0 | 159.0 | 124.0 | 
181.0 | 151.0 | 121.0 | 154.0 | 124.0 | 
]]></system-out>
  </testcase>
</testsuite>